Runner start
FIP-Repconn [Catalan]: englishFiles=2
TRANSLATE FIP-Repconn [Catalan] Keyed\Repconn_OdysseyOverrides.xml
FIP-Arktos [SpanishLatin]: englishFiles=6
TRANSLATE FIP-Arktos [SpanishLatin] DefInjected\BiomeDef\AutoGenerated.xml
TRANSLATE FIP-Greenway [ChineseTraditional] DefInjected\PawnKindDef\AutoGenerated.xml
TRANSLATE FIP-Greenway [ChineseTraditional] DefInjected\PreceptDef\AutoGenerated.xml
TRANSLATE FIP-Greenway [ChineseTraditional] DefInjected\ThingDef\AutoGenerated.xml
TRANSLATE FIP-Greenway [ChineseTraditional] Keyed\Greenway_LanguageData.xml
TRANSLATE FIP-Arktos [SpanishLatin] DefInjected\FactionDef\AutoGenerated.xml
ERROR:
Add-Content : Der Prozess kann nicht auf die Datei 
"C:\Users\Matthias\Desktop\Fallout Immersion 
Project\.Finalized\Tools\Translate-FinalizedMods.log" zugreifen, da sie von 
einem anderen Prozess verwendet wird.
In C:\Users\Matthias\Desktop\Fallout Immersion 
Project\.Finalized\Tools\Translate-FinalizedMods.ps1:44 Zeichen:17
+ ...             Add-Content -LiteralPath $logPath -Value "TRANSLATE $($mo ...
+                 ~~~~~~~~~~~~~~~~~~~~~~~~~~~~~~~~~~~~~~~~~~~~~~~~~~~~~~~~~
    + CategoryInfo          : WriteError: (C:\Users\Matthi...nalizedMods.log:S 
   tring) [Add-Content], IOException
    + FullyQualifiedErrorId : GetContentWriterIOError,Microsoft.PowerShell.Com 
   mands.AddContentCommand
 

FIP-Greenway [Czech]: englishFiles=7
TRANSLATE FIP-Greenway [Czech] DefInjected\GauranlenTreeModeDef\AutoGenerated.xml
TRANSLATE FIP-Greenway [Czech] DefInjected\IssueDef\AutoGenerated.xml
TRANSLATE FIP-Greenway [Czech] DefInjected\MemeDef\AutoGenerated.xml
TRANSLATE FIP-Repconn [Catalan] Keyed\Repconn_VanillaGravshipExpandedOverrides.xml
TRANSLATE FIP-Greenway [Czech] DefInjected\PawnKindDef\AutoGenerated.xml
TRANSLATE FIP-Greenway [Czech] DefInjected\PreceptDef\AutoGenerated.xml
TRANSLATE FIP-Greenway [Czech] DefInjected\ThingDef\AutoGenerated.xml
TRANSLATE FIP-Greenway [Czech] Keyed\Greenway_LanguageData.xml
FIP-Greenway [Danish]: englishFiles=7
TRANSLATE FIP-Greenway [Danish] DefInjected\GauranlenTreeModeDef\AutoGenerated.xml
TRANSLATE FIP-Greenway [Danish] DefInjected\IssueDef\AutoGenerated.xml
TRANSLATE FIP-Greenway [Danish] DefInjected\MemeDef\AutoGenerated.xml
FIP-Repconn [ChineseSimplified]: englishFiles=2
TRANSLATE FIP-Repconn [ChineseSimplified] Keyed\Repconn_OdysseyOverrides.xml
TRANSLATE FIP-Greenway [Danish] DefInjected\PawnKindDef\AutoGenerated.xml
TRANSLATE FIP-Greenway [Danish] DefInjected\PreceptDef\AutoGenerated.xml
TRANSLATE FIP-Greenway [Danish] DefInjected\ThingDef\AutoGenerated.xml
TRANSLATE FIP-Greenway [Danish] Keyed\Greenway_LanguageData.xml
FIP-Greenway [Dutch]: englishFiles=7
TRANSLATE FIP-Greenway [Dutch] DefInjected\GauranlenTreeModeDef\AutoGenerated.xml
TRANSLATE FIP-Greenway [Dutch] DefInjected\IssueDef\AutoGenerated.xml
TRANSLATE FIP-Greenway [Dutch] DefInjected\MemeDef\AutoGenerated.xml
TRANSLATE FIP-Repconn [ChineseSimplified] Keyed\Repconn_VanillaGravshipExpandedOverrides.xml
TRANSLATE FIP-Greenway [Dutch] DefInjected\PawnKindDef\AutoGenerated.xml
TRANSLATE FIP-Greenway [Dutch] DefInjected\PreceptDef\AutoGenerated.xml
TRANSLATE FIP-Greenway [Dutch] DefInjected\ThingDef\AutoGenerated.xml
TRANSLATE FIP-Greenway [Dutch] Keyed\Greenway_LanguageData.xml
FIP-Repconn [ChineseTraditional]: englishFiles=2
TRANSLATE FIP-Repconn [ChineseTraditional] Keyed\Repconn_OdysseyOverrides.xml
FIP-Greenway [Estonian]: englishFiles=7
TRANSLATE FIP-Greenway [Estonian] DefInjected\GauranlenTreeModeDef\AutoGenerated.xml
TRANSLATE FIP-Greenway [Estonian] DefInjected\IssueDef\AutoGenerated.xml
TRANSLATE FIP-Greenway [Estonian] DefInjected\MemeDef\AutoGenerated.xml
TRANSLATE FIP-Greenway [Estonian] DefInjected\PawnKindDef\AutoGenerated.xml
TRANSLATE FIP-Greenway [Estonian] DefInjected\PreceptDef\AutoGenerated.xml
TRANSLATE FIP-Greenway [Estonian] DefInjected\ThingDef\AutoGenerated.xml
TRANSLATE FIP-Greenway [Estonian] Keyed\Greenway_LanguageData.xml
FIP-Greenway [Finnish]: englishFiles=7
TRANSLATE FIP-Greenway [Finnish] DefInjected\GauranlenTreeModeDef\AutoGenerated.xml
TRANSLATE FIP-Greenway [Finnish] DefInjected\IssueDef\AutoGenerated.xml
TRANSLATE FIP-Greenway [Finnish] DefInjected\MemeDef\AutoGenerated.xml
TRANSLATE FIP-Repconn [ChineseTraditional] Keyed\Repconn_VanillaGravshipExpandedOverrides.xml
TRANSLATE FIP-Greenway [Finnish] DefInjected\PawnKindDef\AutoGenerated.xml
TRANSLATE FIP-Greenway [Finnish] DefInjected\PreceptDef\AutoGenerated.xml
TRANSLATE FIP-Greenway [Finnish] DefInjected\ThingDef\AutoGenerated.xml
TRANSLATE FIP-Greenway [Finnish] Keyed\Greenway_LanguageData.xml
FIP-Greenway [French]: englishFiles=7
TRANSLATE FIP-Greenway [French] DefInjected\GauranlenTreeModeDef\AutoGenerated.xml
TRANSLATE FIP-Greenway [French] DefInjected\IssueDef\AutoGenerated.xml
TRANSLATE FIP-Greenway [French] DefInjected\MemeDef\AutoGenerated.xml
FIP-Repconn [Czech]: englishFiles=2
TRANSLATE FIP-Repconn [Czech] Keyed\Repconn_OdysseyOverrides.xml
TRANSLATE FIP-Greenway [French] DefInjected\PawnKindDef\AutoGenerated.xml
TRANSLATE FIP-Greenway [French] DefInjected\PreceptDef\AutoGenerated.xml
TRANSLATE FIP-Greenway [French] DefInjected\ThingDef\AutoGenerated.xml
TRANSLATE FIP-Greenway [French] Keyed\Greenway_LanguageData.xml
FIP-Greenway [German]: englishFiles=7
TRANSLATE FIP-Greenway [German] DefInjected\GauranlenTreeModeDef\AutoGenerated.xml
TRANSLATE FIP-Greenway [German] DefInjected\IssueDef\AutoGenerated.xml
TRANSLATE FIP-Greenway [German] DefInjected\MemeDef\AutoGenerated.xml
TRANSLATE FIP-Repconn [Czech] Keyed\Repconn_VanillaGravshipExpandedOverrides.xml
TRANSLATE FIP-Greenway [German] DefInjected\PawnKindDef\AutoGenerated.xml
TRANSLATE FIP-Greenway [German] DefInjected\PreceptDef\AutoGenerated.xml
TRANSLATE FIP-Greenway [German] DefInjected\ThingDef\AutoGenerated.xml
TRANSLATE FIP-Greenway [German] Keyed\Greenway_LanguageData.xml
FIP-Greenway [Greek]: englishFiles=7
TRANSLATE FIP-Greenway [Greek] DefInjected\GauranlenTreeModeDef\AutoGenerated.xml
TRANSLATE FIP-Greenway [Greek] DefInjected\IssueDef\AutoGenerated.xml
TRANSLATE FIP-Greenway [Greek] DefInjected\MemeDef\AutoGenerated.xml
FIP-Repconn [Danish]: englishFiles=2
TRANSLATE FIP-Repconn [Danish] Keyed\Repconn_OdysseyOverrides.xml
TRANSLATE FIP-Greenway [Greek] DefInjected\PawnKindDef\AutoGenerated.xml
TRANSLATE FIP-Greenway [Greek] DefInjected\PreceptDef\AutoGenerated.xml
TRANSLATE FIP-Greenway [Greek] DefInjected\ThingDef\AutoGenerated.xml
TRANSLATE FIP-Greenway [Greek] Keyed\Greenway_LanguageData.xml
FIP-Greenway [Hungarian]: englishFiles=7
TRANSLATE FIP-Greenway [Hungarian] DefInjected\GauranlenTreeModeDef\AutoGenerated.xml
TRANSLATE FIP-Greenway [Hungarian] DefInjected\IssueDef\AutoGenerated.xml
TRANSLATE FIP-Greenway [Hungarian] DefInjected\MemeDef\AutoGenerated.xml
TRANSLATE FIP-Repconn [Danish] Keyed\Repconn_VanillaGravshipExpandedOverrides.xml
TRANSLATE FIP-Greenway [Hungarian] DefInjected\PawnKindDef\AutoGenerated.xml
TRANSLATE FIP-Greenway [Hungarian] DefInjected\PreceptDef\AutoGenerated.xml
TRANSLATE FIP-Greenway [Hungarian] DefInjected\ThingDef\AutoGenerated.xml
TRANSLATE FIP-Greenway [Hungarian] Keyed\Greenway_LanguageData.xml
FIP-Greenway [Italian]: englishFiles=7
TRANSLATE FIP-Greenway [Italian] DefInjected\GauranlenTreeModeDef\AutoGenerated.xml
TRANSLATE FIP-Greenway [Italian] DefInjected\IssueDef\AutoGenerated.xml
TRANSLATE FIP-Greenway [Italian] DefInjected\MemeDef\AutoGenerated.xml
FIP-Repconn [Dutch]: englishFiles=2
TRANSLATE FIP-Repconn [Dutch] Keyed\Repconn_OdysseyOverrides.xml
TRANSLATE FIP-Greenway [Italian] DefInjected\PawnKindDef\AutoGenerated.xml
TRANSLATE FIP-Greenway [Italian] DefInjected\PreceptDef\AutoGenerated.xml
TRANSLATE FIP-Greenway [Italian] DefInjected\ThingDef\AutoGenerated.xml
TRANSLATE FIP-Greenway [Italian] Keyed\Greenway_LanguageData.xml
FIP-Greenway [Japanese]: englishFiles=7
TRANSLATE FIP-Greenway [Japanese] DefInjected\GauranlenTreeModeDef\AutoGenerated.xml
TRANSLATE FIP-Greenway [Japanese] DefInjected\IssueDef\AutoGenerated.xml
TRANSLATE FIP-Greenway [Japanese] DefInjected\MemeDef\AutoGenerated.xml
TRANSLATE FIP-Repconn [Dutch] Keyed\Repconn_VanillaGravshipExpandedOverrides.xml
TRANSLATE FIP-Greenway [Japanese] DefInjected\PawnKindDef\AutoGenerated.xml
TRANSLATE FIP-Greenway [Japanese] DefInjected\PreceptDef\AutoGenerated.xml
TRANSLATE FIP-Greenway [Japanese] DefInjected\ThingDef\AutoGenerated.xml
TRANSLATE FIP-Greenway [Japanese] Keyed\Greenway_LanguageData.xml
FIP-Greenway [Korean]: englishFiles=7
TRANSLATE FIP-Greenway [Korean] DefInjected\GauranlenTreeModeDef\AutoGenerated.xml
TRANSLATE FIP-Greenway [Korean] DefInjected\IssueDef\AutoGenerated.xml
TRANSLATE FIP-Greenway [Korean] DefInjected\MemeDef\AutoGenerated.xml
FIP-Repconn [Estonian]: englishFiles=2
TRANSLATE FIP-Repconn [Estonian] Keyed\Repconn_OdysseyOverrides.xml
TRANSLATE FIP-Greenway [Korean] DefInjected\PawnKindDef\AutoGenerated.xml
TRANSLATE FIP-Greenway [Korean] DefInjected\PreceptDef\AutoGenerated.xml
TRANSLATE FIP-Greenway [Korean] DefInjected\ThingDef\AutoGenerated.xml
TRANSLATE FIP-Greenway [Korean] Keyed\Greenway_LanguageData.xml
FIP-Greenway [Norwegian]: englishFiles=7
TRANSLATE FIP-Greenway [Norwegian] DefInjected\GauranlenTreeModeDef\AutoGenerated.xml
TRANSLATE FIP-Greenway [Norwegian] DefInjected\IssueDef\AutoGenerated.xml
TRANSLATE FIP-Greenway [Norwegian] DefInjected\MemeDef\AutoGenerated.xml
TRANSLATE FIP-Repconn [Estonian] Keyed\Repconn_VanillaGravshipExpandedOverrides.xml
TRANSLATE FIP-Greenway [Norwegian] DefInjected\PawnKindDef\AutoGenerated.xml
TRANSLATE FIP-Greenway [Norwegian] DefInjected\PreceptDef\AutoGenerated.xml
TRANSLATE FIP-Greenway [Norwegian] DefInjected\ThingDef\AutoGenerated.xml
TRANSLATE FIP-Greenway [Norwegian] Keyed\Greenway_LanguageData.xml
FIP-Greenway [Polish]: englishFiles=7
TRANSLATE FIP-Greenway [Polish] DefInjected\GauranlenTreeModeDef\AutoGenerated.xml
TRANSLATE FIP-Greenway [Polish] DefInjected\IssueDef\AutoGenerated.xml
TRANSLATE FIP-Greenway [Polish] DefInjected\MemeDef\AutoGenerated.xml
FIP-Repconn [Finnish]: englishFiles=2
TRANSLATE FIP-Repconn [Finnish] Keyed\Repconn_OdysseyOverrides.xml
TRANSLATE FIP-Greenway [Polish] DefInjected\PawnKindDef\AutoGenerated.xml
TRANSLATE FIP-Greenway [Polish] DefInjected\PreceptDef\AutoGenerated.xml
TRANSLATE FIP-Greenway [Polish] DefInjected\ThingDef\AutoGenerated.xml
TRANSLATE FIP-Greenway [Polish] Keyed\Greenway_LanguageData.xml
FIP-Greenway [Portuguese]: englishFiles=7
TRANSLATE FIP-Greenway [Portuguese] DefInjected\GauranlenTreeModeDef\AutoGenerated.xml
TRANSLATE FIP-Greenway [Portuguese] DefInjected\IssueDef\AutoGenerated.xml
TRANSLATE FIP-Greenway [Portuguese] DefInjected\MemeDef\AutoGenerated.xml
TRANSLATE FIP-Repconn [Finnish] Keyed\Repconn_VanillaGravshipExpandedOverrides.xml
TRANSLATE FIP-Greenway [Portuguese] DefInjected\PawnKindDef\AutoGenerated.xml
TRANSLATE FIP-Greenway [Portuguese] DefInjected\PreceptDef\AutoGenerated.xml
TRANSLATE FIP-Greenway [Portuguese] DefInjected\ThingDef\AutoGenerated.xml
TRANSLATE FIP-Greenway [Portuguese] Keyed\Greenway_LanguageData.xml
FIP-Greenway [PortugueseBrazilian]: englishFiles=7
TRANSLATE FIP-Greenway [PortugueseBrazilian] DefInjected\GauranlenTreeModeDef\AutoGenerated.xml
TRANSLATE FIP-Greenway [PortugueseBrazilian] DefInjected\IssueDef\AutoGenerated.xml
TRANSLATE FIP-Greenway [PortugueseBrazilian] DefInjected\MemeDef\AutoGenerated.xml
FIP-Repconn [French]: englishFiles=2
TRANSLATE FIP-Repconn [French] Keyed\Repconn_OdysseyOverrides.xml
TRANSLATE FIP-Greenway [PortugueseBrazilian] DefInjected\PawnKindDef\AutoGenerated.xml
TRANSLATE FIP-Greenway [PortugueseBrazilian] DefInjected\PreceptDef\AutoGenerated.xml
TRANSLATE FIP-Greenway [PortugueseBrazilian] DefInjected\ThingDef\AutoGenerated.xml
TRANSLATE FIP-Greenway [PortugueseBrazilian] Keyed\Greenway_LanguageData.xml
FIP-Greenway [Romanian]: englishFiles=7
TRANSLATE FIP-Greenway [Romanian] DefInjected\GauranlenTreeModeDef\AutoGenerated.xml
TRANSLATE FIP-Greenway [Romanian] DefInjected\IssueDef\AutoGenerated.xml
TRANSLATE FIP-Greenway [Romanian] DefInjected\MemeDef\AutoGenerated.xml
TRANSLATE FIP-Repconn [French] Keyed\Repconn_VanillaGravshipExpandedOverrides.xml
TRANSLATE FIP-Greenway [Romanian] DefInjected\PawnKindDef\AutoGenerated.xml
TRANSLATE FIP-Greenway [Romanian] DefInjected\PreceptDef\AutoGenerated.xml
TRANSLATE FIP-Greenway [Romanian] DefInjected\ThingDef\AutoGenerated.xml
TRANSLATE FIP-Greenway [Romanian] Keyed\Greenway_LanguageData.xml
FIP-Repconn [German]: englishFiles=2
TRANSLATE FIP-Repconn [German] Keyed\Repconn_OdysseyOverrides.xml
FIP-Greenway [Russian]: englishFiles=7
TRANSLATE FIP-Greenway [Russian] DefInjected\GauranlenTreeModeDef\AutoGenerated.xml
TRANSLATE FIP-Greenway [Russian] DefInjected\IssueDef\AutoGenerated.xml
TRANSLATE FIP-Greenway [Russian] DefInjected\MemeDef\AutoGenerated.xml
TRANSLATE FIP-Greenway [Russian] DefInjected\PawnKindDef\AutoGenerated.xml
TRANSLATE FIP-Greenway [Russian] DefInjected\PreceptDef\AutoGenerated.xml
TRANSLATE FIP-Greenway [Russian] DefInjected\ThingDef\AutoGenerated.xml
TRANSLATE FIP-Greenway [Russian] Keyed\Greenway_LanguageData.xml
TRANSLATE FIP-Repconn [German] Keyed\Repconn_VanillaGravshipExpandedOverrides.xml
FIP-Greenway [Slovak]: englishFiles=7
TRANSLATE FIP-Greenway [Slovak] DefInjected\GauranlenTreeModeDef\AutoGenerated.xml
TRANSLATE FIP-Greenway [Slovak] DefInjected\IssueDef\AutoGenerated.xml
TRANSLATE FIP-Greenway [Slovak] DefInjected\MemeDef\AutoGenerated.xml
FIP-Repconn [Greek]: englishFiles=2
TRANSLATE FIP-Repconn [Greek] Keyed\Repconn_OdysseyOverrides.xml
TRANSLATE FIP-Greenway [Slovak] DefInjected\PawnKindDef\AutoGenerated.xml
TRANSLATE FIP-Greenway [Slovak] DefInjected\PreceptDef\AutoGenerated.xml
TRANSLATE FIP-Greenway [Slovak] DefInjected\ThingDef\AutoGenerated.xml
TRANSLATE FIP-Greenway [Slovak] Keyed\Greenway_LanguageData.xml
FIP-Greenway [Spanish]: englishFiles=7
TRANSLATE FIP-Greenway [Spanish] DefInjected\GauranlenTreeModeDef\AutoGenerated.xml
TRANSLATE FIP-Greenway [Spanish] DefInjected\IssueDef\AutoGenerated.xml
TRANSLATE FIP-Greenway [Spanish] DefInjected\MemeDef\AutoGenerated.xml
TRANSLATE FIP-Repconn [Greek] Keyed\Repconn_VanillaGravshipExpandedOverrides.xml
TRANSLATE FIP-Greenway [Spanish] DefInjected\PawnKindDef\AutoGenerated.xml
TRANSLATE FIP-Greenway [Spanish] DefInjected\PreceptDef\AutoGenerated.xml
TRANSLATE FIP-Greenway [Spanish] DefInjected\ThingDef\AutoGenerated.xml
TRANSLATE FIP-Greenway [Spanish] Keyed\Greenway_LanguageData.xml
FIP-Greenway [SpanishLatin]: englishFiles=7
TRANSLATE FIP-Greenway [SpanishLatin] DefInjected\GauranlenTreeModeDef\AutoGenerated.xml
TRANSLATE FIP-Greenway [SpanishLatin] DefInjected\IssueDef\AutoGenerated.xml
TRANSLATE FIP-Greenway [SpanishLatin] DefInjected\MemeDef\AutoGenerated.xml
FIP-Repconn [Hungarian]: englishFiles=2
TRANSLATE FIP-Repconn [Hungarian] Keyed\Repconn_OdysseyOverrides.xml
TRANSLATE FIP-Greenway [SpanishLatin] DefInjected\PawnKindDef\AutoGenerated.xml
TRANSLATE FIP-Greenway [SpanishLatin] DefInjected\PreceptDef\AutoGenerated.xml
TRANSLATE FIP-Greenway [SpanishLatin] DefInjected\ThingDef\AutoGenerated.xml
TRANSLATE FIP-Greenway [SpanishLatin] Keyed\Greenway_LanguageData.xml
FIP-Greenway [Swedish]: englishFiles=7
TRANSLATE FIP-Greenway [Swedish] DefInjected\GauranlenTreeModeDef\AutoGenerated.xml
TRANSLATE FIP-Greenway [Swedish] DefInjected\IssueDef\AutoGenerated.xml
TRANSLATE FIP-Greenway [Swedish] DefInjected\MemeDef\AutoGenerated.xml
TRANSLATE FIP-Repconn [Hungarian] Keyed\Repconn_VanillaGravshipExpandedOverrides.xml
TRANSLATE FIP-Greenway [Swedish] DefInjected\PawnKindDef\AutoGenerated.xml
TRANSLATE FIP-Greenway [Swedish] DefInjected\PreceptDef\AutoGenerated.xml
TRANSLATE FIP-Greenway [Swedish] DefInjected\ThingDef\AutoGenerated.xml
TRANSLATE FIP-Greenway [Swedish] Keyed\Greenway_LanguageData.xml
FIP-Greenway [Turkish]: englishFiles=7
TRANSLATE FIP-Greenway [Turkish] DefInjected\GauranlenTreeModeDef\AutoGenerated.xml
TRANSLATE FIP-Greenway [Turkish] DefInjected\IssueDef\AutoGenerated.xml
TRANSLATE FIP-Greenway [Turkish] DefInjected\MemeDef\AutoGenerated.xml
FIP-Repconn [Italian]: englishFiles=2
TRANSLATE FIP-Repconn [Italian] Keyed\Repconn_OdysseyOverrides.xml
TRANSLATE FIP-Greenway [Turkish] DefInjected\PawnKindDef\AutoGenerated.xml
TRANSLATE FIP-Greenway [Turkish] DefInjected\PreceptDef\AutoGenerated.xml
TRANSLATE FIP-Greenway [Turkish] DefInjected\ThingDef\AutoGenerated.xml
TRANSLATE FIP-Greenway [Turkish] Keyed\Greenway_LanguageData.xml
FIP-Greenway [Ukrainian]: englishFiles=7
TRANSLATE FIP-Greenway [Ukrainian] DefInjected\GauranlenTreeModeDef\AutoGenerated.xml
TRANSLATE FIP-Greenway [Ukrainian] DefInjected\IssueDef\AutoGenerated.xml
TRANSLATE FIP-Greenway [Ukrainian] DefInjected\MemeDef\AutoGenerated.xml
TRANSLATE FIP-Repconn [Italian] Keyed\Repconn_VanillaGravshipExpandedOverrides.xml
FIP-Repconn [Japanese]: englishFiles=2
TRANSLATE FIP-Repconn [Japanese] Keyed\Repconn_OdysseyOverrides.xml
TRANSLATE FIP-Greenway [Ukrainian] DefInjected\PawnKindDef\AutoGenerated.xml
TRANSLATE FIP-Greenway [Ukrainian] DefInjected\PreceptDef\AutoGenerated.xml
TRANSLATE FIP-Greenway [Ukrainian] DefInjected\ThingDef\AutoGenerated.xml
TRANSLATE FIP-Greenway [Ukrainian] Keyed\Greenway_LanguageData.xml
FIP-Greenway [Vietnamese]: englishFiles=7
TRANSLATE FIP-Greenway [Vietnamese] DefInjected\GauranlenTreeModeDef\AutoGenerated.xml
TRANSLATE FIP-Greenway [Vietnamese] DefInjected\IssueDef\AutoGenerated.xml
TRANSLATE FIP-Greenway [Vietnamese] DefInjected\MemeDef\AutoGenerated.xml
TRANSLATE FIP-Repconn [Japanese] Keyed\Repconn_VanillaGravshipExpandedOverrides.xml
TRANSLATE FIP-Greenway [Vietnamese] DefInjected\PawnKindDef\AutoGenerated.xml
TRANSLATE FIP-Greenway [Vietnamese] DefInjected\PreceptDef\AutoGenerated.xml
TRANSLATE FIP-Greenway [Vietnamese] DefInjected\ThingDef\AutoGenerated.xml
TRANSLATE FIP-Greenway [Vietnamese] Keyed\Greenway_LanguageData.xml
FIP-Greenway: translated 196 files
Runner complete
FIP-Repconn [Korean]: englishFiles=2
TRANSLATE FIP-Repconn [Korean] Keyed\Repconn_OdysseyOverrides.xml
TRANSLATE FIP-Repconn [Korean] Keyed\Repconn_VanillaGravshipExpandedOverrides.xml
FIP-Repconn [Norwegian]: englishFiles=2
TRANSLATE FIP-Repconn [Norwegian] Keyed\Repconn_OdysseyOverrides.xml
TRANSLATE FIP-Repconn [Norwegian] Keyed\Repconn_VanillaGravshipExpandedOverrides.xml
FIP-Repconn [Polish]: englishFiles=2
TRANSLATE FIP-Repconn [Polish] Keyed\Repconn_OdysseyOverrides.xml
TRANSLATE FIP-Repconn [Polish] Keyed\Repconn_VanillaGravshipExpandedOverrides.xml
FIP-Repconn [Portuguese]: englishFiles=2
TRANSLATE FIP-Repconn [Portuguese] Keyed\Repconn_OdysseyOverrides.xml
TRANSLATE FIP-Repconn [Portuguese] Keyed\Repconn_VanillaGravshipExpandedOverrides.xml
FIP-Repconn [PortugueseBrazilian]: englishFiles=2
TRANSLATE FIP-Repconn [PortugueseBrazilian] Keyed\Repconn_OdysseyOverrides.xml
TRANSLATE FIP-Repconn [PortugueseBrazilian] Keyed\Repconn_VanillaGravshipExpandedOverrides.xml
FIP-Repconn [Romanian]: englishFiles=2
TRANSLATE FIP-Repconn [Romanian] Keyed\Repconn_OdysseyOverrides.xml
TRANSLATE FIP-Repconn [Romanian] Keyed\Repconn_VanillaGravshipExpandedOverrides.xml
FIP-Repconn [Russian]: englishFiles=2
TRANSLATE FIP-Repconn [Russian] Keyed\Repconn_OdysseyOverrides.xml
TRANSLATE FIP-Repconn [Russian] Keyed\Repconn_VanillaGravshipExpandedOverrides.xml
FIP-Repconn [Slovak]: englishFiles=2
TRANSLATE FIP-Repconn [Slovak] Keyed\Repconn_OdysseyOverrides.xml
TRANSLATE FIP-Repconn [Slovak] Keyed\Repconn_VanillaGravshipExpandedOverrides.xml
FIP-Repconn [Spanish]: englishFiles=2
TRANSLATE FIP-Repconn [Spanish] Keyed\Repconn_OdysseyOverrides.xml
TRANSLATE FIP-Repconn [Spanish] Keyed\Repconn_VanillaGravshipExpandedOverrides.xml
FIP-Repconn [SpanishLatin]: englishFiles=2
TRANSLATE FIP-Repconn [SpanishLatin] Keyed\Repconn_OdysseyOverrides.xml
TRANSLATE FIP-Repconn [SpanishLatin] Keyed\Repconn_VanillaGravshipExpandedOverrides.xml
FIP-Repconn [Swedish]: englishFiles=2
TRANSLATE FIP-Repconn [Swedish] Keyed\Repconn_OdysseyOverrides.xml
TRANSLATE FIP-Repconn [Swedish] Keyed\Repconn_VanillaGravshipExpandedOverrides.xml
FIP-Repconn [Turkish]: englishFiles=2
TRANSLATE FIP-Repconn [Turkish] Keyed\Repconn_OdysseyOverrides.xml
TRANSLATE FIP-Repconn [Turkish] Keyed\Repconn_VanillaGravshipExpandedOverrides.xml
FIP-Repconn [Ukrainian]: englishFiles=2
TRANSLATE FIP-Repconn [Ukrainian] Keyed\Repconn_OdysseyOverrides.xml
TRANSLATE FIP-Repconn [Ukrainian] Keyed\Repconn_VanillaGravshipExpandedOverrides.xml
FIP-Repconn [Vietnamese]: englishFiles=2
TRANSLATE FIP-Repconn [Vietnamese] Keyed\Repconn_OdysseyOverrides.xml
TRANSLATE FIP-Repconn [Vietnamese] Keyed\Repconn_VanillaGravshipExpandedOverrides.xml
FIP-Repconn: translated 56 files
Runner complete
