Runner start
FIP-Repconn [Catalan]: englishFiles=2
TRANSLATE FIP-Repconn [Catalan] Keyed\Repconn_OdysseyOverrides.xml
TRANSLATE FIP-Repconn [Catalan] Keyed\Repconn_VanillaGravshipExpandedOverrides.xml
FIP-Repconn [ChineseSimplified]: englishFiles=2
TRANSLATE FIP-Repconn [ChineseSimplified] Keyed\Repconn_OdysseyOverrides.xml
TRANSLATE FIP-Repconn [ChineseSimplified] Keyed\Repconn_VanillaGravshipExpandedOverrides.xml
FIP-Repconn [ChineseTraditional]: englishFiles=2
TRANSLATE FIP-Repconn [ChineseTraditional] Keyed\Repconn_OdysseyOverrides.xml
TRANSLATE FIP-Repconn [ChineseTraditional] Keyed\Repconn_VanillaGravshipExpandedOverrides.xml
FIP-Repconn [Czech]: englishFiles=2
TRANSLATE FIP-Repconn [Czech] Keyed\Repconn_OdysseyOverrides.xml
TRANSLATE FIP-Repconn [Czech] Keyed\Repconn_VanillaGravshipExpandedOverrides.xml
FIP-Repconn [Danish]: englishFiles=2
TRANSLATE FIP-Repconn [Danish] Keyed\Repconn_OdysseyOverrides.xml
TRANSLATE FIP-Repconn [Danish] Keyed\Repconn_VanillaGravshipExpandedOverrides.xml
FIP-Repconn [Dutch]: englishFiles=2
TRANSLATE FIP-Repconn [Dutch] Keyed\Repconn_OdysseyOverrides.xml
TRANSLATE FIP-Repconn [Dutch] Keyed\Repconn_VanillaGravshipExpandedOverrides.xml
FIP-Repconn [Estonian]: englishFiles=2
TRANSLATE FIP-Repconn [Estonian] Keyed\Repconn_OdysseyOverrides.xml
TRANSLATE FIP-Repconn [Estonian] Keyed\Repconn_VanillaGravshipExpandedOverrides.xml
FIP-Repconn [Finnish]: englishFiles=2
TRANSLATE FIP-Repconn [Finnish] Keyed\Repconn_OdysseyOverrides.xml
TRANSLATE FIP-Repconn [Finnish] Keyed\Repconn_VanillaGravshipExpandedOverrides.xml
FIP-Repconn [French]: englishFiles=2
TRANSLATE FIP-Repconn [French] Keyed\Repconn_OdysseyOverrides.xml
TRANSLATE FIP-Repconn [French] Keyed\Repconn_VanillaGravshipExpandedOverrides.xml
FIP-Repconn [German]: englishFiles=2
TRANSLATE FIP-Repconn [German] Keyed\Repconn_OdysseyOverrides.xml
TRANSLATE FIP-Repconn [German] Keyed\Repconn_VanillaGravshipExpandedOverrides.xml
FIP-Repconn [Greek]: englishFiles=2
TRANSLATE FIP-Repconn [Greek] Keyed\Repconn_OdysseyOverrides.xml
TRANSLATE FIP-Repconn [Greek] Keyed\Repconn_VanillaGravshipExpandedOverrides.xml
FIP-Repconn [Hungarian]: englishFiles=2
TRANSLATE FIP-Repconn [Hungarian] Keyed\Repconn_OdysseyOverrides.xml
TRANSLATE FIP-Repconn [Hungarian] Keyed\Repconn_VanillaGravshipExpandedOverrides.xml
FIP-Repconn [Italian]: englishFiles=2
TRANSLATE FIP-Repconn [Italian] Keyed\Repconn_OdysseyOverrides.xml
TRANSLATE FIP-Repconn [Italian] Keyed\Repconn_VanillaGravshipExpandedOverrides.xml
FIP-Repconn [Japanese]: englishFiles=2
TRANSLATE FIP-Repconn [Japanese] Keyed\Repconn_OdysseyOverrides.xml
TRANSLATE FIP-Repconn [Japanese] Keyed\Repconn_VanillaGravshipExpandedOverrides.xml
FIP-Repconn [Korean]: englishFiles=2
TRANSLATE FIP-Repconn [Korean] Keyed\Repconn_OdysseyOverrides.xml
TRANSLATE FIP-Repconn [Korean] Keyed\Repconn_VanillaGravshipExpandedOverrides.xml
FIP-Repconn [Norwegian]: englishFiles=2
TRANSLATE FIP-Repconn [Norwegian] Keyed\Repconn_OdysseyOverrides.xml
TRANSLATE FIP-Repconn [Norwegian] Keyed\Repconn_VanillaGravshipExpandedOverrides.xml
FIP-Repconn [Polish]: englishFiles=2
TRANSLATE FIP-Repconn [Polish] Keyed\Repconn_OdysseyOverrides.xml
TRANSLATE FIP-Repconn [Polish] Keyed\Repconn_VanillaGravshipExpandedOverrides.xml
FIP-Repconn [Portuguese]: englishFiles=2
TRANSLATE FIP-Repconn [Portuguese] Keyed\Repconn_OdysseyOverrides.xml
TRANSLATE FIP-Repconn [Portuguese] Keyed\Repconn_VanillaGravshipExpandedOverrides.xml
FIP-Repconn [PortugueseBrazilian]: englishFiles=2
TRANSLATE FIP-Repconn [PortugueseBrazilian] Keyed\Repconn_OdysseyOverrides.xml
TRANSLATE FIP-Repconn [PortugueseBrazilian] Keyed\Repconn_VanillaGravshipExpandedOverrides.xml
FIP-Repconn [Romanian]: englishFiles=2
TRANSLATE FIP-Repconn [Romanian] Keyed\Repconn_OdysseyOverrides.xml
TRANSLATE FIP-Repconn [Romanian] Keyed\Repconn_VanillaGravshipExpandedOverrides.xml
FIP-Repconn [Russian]: englishFiles=2
TRANSLATE FIP-Repconn [Russian] Keyed\Repconn_OdysseyOverrides.xml
TRANSLATE FIP-Repconn [Russian] Keyed\Repconn_VanillaGravshipExpandedOverrides.xml
FIP-Repconn [Slovak]: englishFiles=2
TRANSLATE FIP-Repconn [Slovak] Keyed\Repconn_OdysseyOverrides.xml
TRANSLATE FIP-Repconn [Slovak] Keyed\Repconn_VanillaGravshipExpandedOverrides.xml
FIP-Repconn [Spanish]: englishFiles=2
TRANSLATE FIP-Repconn [Spanish] Keyed\Repconn_OdysseyOverrides.xml
TRANSLATE FIP-Repconn [Spanish] Keyed\Repconn_VanillaGravshipExpandedOverrides.xml
FIP-Repconn [SpanishLatin]: englishFiles=2
TRANSLATE FIP-Repconn [SpanishLatin] Keyed\Repconn_OdysseyOverrides.xml
TRANSLATE FIP-Repconn [SpanishLatin] Keyed\Repconn_VanillaGravshipExpandedOverrides.xml
FIP-Repconn [Swedish]: englishFiles=2
TRANSLATE FIP-Repconn [Swedish] Keyed\Repconn_OdysseyOverrides.xml
TRANSLATE FIP-Repconn [Swedish] Keyed\Repconn_VanillaGravshipExpandedOverrides.xml
FIP-Repconn [Turkish]: englishFiles=2
TRANSLATE FIP-Repconn [Turkish] Keyed\Repconn_OdysseyOverrides.xml
TRANSLATE FIP-Repconn [Turkish] Keyed\Repconn_VanillaGravshipExpandedOverrides.xml
FIP-Repconn [Ukrainian]: englishFiles=2
TRANSLATE FIP-Repconn [Ukrainian] Keyed\Repconn_OdysseyOverrides.xml
TRANSLATE FIP-Repconn [Ukrainian] Keyed\Repconn_VanillaGravshipExpandedOverrides.xml
FIP-Repconn [Vietnamese]: englishFiles=2
TRANSLATE FIP-Repconn [Vietnamese] Keyed\Repconn_OdysseyOverrides.xml
TRANSLATE FIP-Repconn [Vietnamese] Keyed\Repconn_VanillaGravshipExpandedOverrides.xml
FIP-Repconn: translated 56 files
Runner complete
