Runner start
FIP-Hubris [Japanese]: englishFiles=2
TRANSLATE FIP-Hubris [Japanese] DefInjected\ThingDef\AutoGenerated.xml
FIP-Hubris [French]: englishFiles=2
TRANSLATE FIP-Hubris [French] DefInjected\ThingDef\AutoGenerated.xml
TRANSLATE FIP-Hubris [Japanese] Keyed\Hubris_Overrides.xml
TRANSLATE FIP-Hubris [French] Keyed\Hubris_Overrides.xml
FIP-Hubris [German]: englishFiles=2
TRANSLATE FIP-Hubris [German] DefInjected\ThingDef\AutoGenerated.xml
TRANSLATE FIP-Hubris [German] Keyed\Hubris_Overrides.xml
FIP-Hubris: translated 2 files
Runner complete
FIP-Hubris [Greek]: englishFiles=2
TRANSLATE FIP-Hubris [Greek] DefInjected\ThingDef\AutoGenerated.xml
TRANSLATE FIP-Hubris [Greek] Keyed\Hubris_Overrides.xml
FIP-Hubris [Hungarian]: englishFiles=2
TRANSLATE FIP-Hubris [Hungarian] DefInjected\ThingDef\AutoGenerated.xml
TRANSLATE FIP-Hubris [Hungarian] Keyed\Hubris_Overrides.xml
FIP-Hubris [Italian]: englishFiles=2
TRANSLATE FIP-Hubris [Italian] DefInjected\ThingDef\AutoGenerated.xml
TRANSLATE FIP-Hubris [Italian] Keyed\Hubris_Overrides.xml
FIP-Hubris [Japanese]: englishFiles=2
TRANSLATE FIP-Hubris [Japanese] DefInjected\ThingDef\AutoGenerated.xml
TRANSLATE FIP-Hubris [Japanese] Keyed\Hubris_Overrides.xml
FIP-Hubris [Korean]: englishFiles=2
TRANSLATE FIP-Hubris [Korean] DefInjected\ThingDef\AutoGenerated.xml
TRANSLATE FIP-Hubris [Korean] Keyed\Hubris_Overrides.xml
FIP-Hubris [Norwegian]: englishFiles=2
TRANSLATE FIP-Hubris [Norwegian] DefInjected\ThingDef\AutoGenerated.xml
TRANSLATE FIP-Hubris [Norwegian] Keyed\Hubris_Overrides.xml
FIP-Hubris [Polish]: englishFiles=2
TRANSLATE FIP-Hubris [Polish] DefInjected\ThingDef\AutoGenerated.xml
TRANSLATE FIP-Hubris [Polish] Keyed\Hubris_Overrides.xml
FIP-Hubris [Portuguese]: englishFiles=2
TRANSLATE FIP-Hubris [Portuguese] DefInjected\ThingDef\AutoGenerated.xml
TRANSLATE FIP-Hubris [Portuguese] Keyed\Hubris_Overrides.xml
FIP-Hubris [PortugueseBrazilian]: englishFiles=2
TRANSLATE FIP-Hubris [PortugueseBrazilian] DefInjected\ThingDef\AutoGenerated.xml
TRANSLATE FIP-Hubris [PortugueseBrazilian] Keyed\Hubris_Overrides.xml
FIP-Hubris [Romanian]: englishFiles=2
TRANSLATE FIP-Hubris [Romanian] DefInjected\ThingDef\AutoGenerated.xml
TRANSLATE FIP-Hubris [Romanian] Keyed\Hubris_Overrides.xml
FIP-Hubris [Russian]: englishFiles=2
TRANSLATE FIP-Hubris [Russian] DefInjected\ThingDef\AutoGenerated.xml
TRANSLATE FIP-Hubris [Russian] Keyed\Hubris_Overrides.xml
FIP-Hubris [Slovak]: englishFiles=2
TRANSLATE FIP-Hubris [Slovak] DefInjected\ThingDef\AutoGenerated.xml
TRANSLATE FIP-Hubris [Slovak] Keyed\Hubris_Overrides.xml
FIP-Hubris [Spanish]: englishFiles=2
TRANSLATE FIP-Hubris [Spanish] DefInjected\ThingDef\AutoGenerated.xml
TRANSLATE FIP-Hubris [Spanish] Keyed\Hubris_Overrides.xml
FIP-Hubris [SpanishLatin]: englishFiles=2
TRANSLATE FIP-Hubris [SpanishLatin] DefInjected\ThingDef\AutoGenerated.xml
TRANSLATE FIP-Hubris [SpanishLatin] Keyed\Hubris_Overrides.xml
FIP-Hubris [Swedish]: englishFiles=2
TRANSLATE FIP-Hubris [Swedish] DefInjected\ThingDef\AutoGenerated.xml
TRANSLATE FIP-Hubris [Swedish] Keyed\Hubris_Overrides.xml
FIP-Hubris [Turkish]: englishFiles=2
TRANSLATE FIP-Hubris [Turkish] DefInjected\ThingDef\AutoGenerated.xml
TRANSLATE FIP-Hubris [Turkish] Keyed\Hubris_Overrides.xml
FIP-Hubris [Ukrainian]: englishFiles=2
TRANSLATE FIP-Hubris [Ukrainian] DefInjected\ThingDef\AutoGenerated.xml
TRANSLATE FIP-Hubris [Ukrainian] Keyed\Hubris_Overrides.xml
FIP-Hubris [Vietnamese]: englishFiles=2
TRANSLATE FIP-Hubris [Vietnamese] DefInjected\ThingDef\AutoGenerated.xml
TRANSLATE FIP-Hubris [Vietnamese] Keyed\Hubris_Overrides.xml
FIP-Hubris: translated 56 files
Runner complete
