Runner start
FIP-WestTek [Catalan]: englishFiles=3
TRANSLATE FIP-WestTek [Catalan] DefInjected\GeneCategoryDef\AutoGenerated.xml
TRANSLATE FIP-WestTek [Catalan] DefInjected\GeneDef\AutoGenerated.xml
TRANSLATE FIP-WestTek [Catalan] DefInjected\XenotypeDef\AutoGenerated.xml
FIP-WestTek [ChineseSimplified]: englishFiles=3
TRANSLATE FIP-WestTek [ChineseSimplified] DefInjected\GeneCategoryDef\AutoGenerated.xml
TRANSLATE FIP-WestTek [ChineseSimplified] DefInjected\GeneDef\AutoGenerated.xml
TRANSLATE FIP-WestTek [ChineseSimplified] DefInjected\XenotypeDef\AutoGenerated.xml
FIP-WestTek [ChineseTraditional]: englishFiles=3
TRANSLATE FIP-WestTek [ChineseTraditional] DefInjected\GeneCategoryDef\AutoGenerated.xml
TRANSLATE FIP-WestTek [ChineseTraditional] DefInjected\GeneDef\AutoGenerated.xml
TRANSLATE FIP-WestTek [ChineseTraditional] DefInjected\XenotypeDef\AutoGenerated.xml
ERROR:
Invoke-RestMethod : Der Remoteserver hat einen Fehler zurückgegeben: (500) 
Interner Serverfehler.
In C:\Users\Matthias\Desktop\Fallout Immersion 
Project\.Finalized\Tools\Generate-RequestedLocalizations.ps1:327 Zeichen:15
+     $result = Invoke-RestMethod -Uri $url -Method Get
+               ~~~~~~~~~~~~~~~~~~~~~~~~~~~~~~~~~~~~~~~
    + CategoryInfo          : InvalidOperation: (System.Net.HttpWebRequest:Htt 
   pWebRequest) [Invoke-RestMethod], WebException
    + FullyQualifiedErrorId : WebCmdletWebResponseException,Microsoft.PowerShe 
   ll.Commands.InvokeRestMethodCommand
 

