Runner start
FIP-Arktos [Catalan]: englishFiles=6
TRANSLATE FIP-Arktos [Catalan] DefInjected\BiomeDef\AutoGenerated.xml
TRANSLATE FIP-Arktos [Catalan] DefInjected\FactionDef\AutoGenerated.xml
TRANSLATE FIP-Arktos [Catalan] DefInjected\LandmarkDef\AutoGenerated.xml
TRANSLATE FIP-Arktos [Catalan] DefInjected\PawnKindDef\AutoGenerated.xml
TRANSLATE FIP-Arktos [Catalan] DefInjected\ThingDef\AutoGenerated.xml
TRANSLATE FIP-Arktos [Catalan] DefInjected\TileMutatorDef\AutoGenerated.xml
FIP-Arktos [ChineseSimplified]: englishFiles=6
TRANSLATE FIP-Arktos [ChineseSimplified] DefInjected\BiomeDef\AutoGenerated.xml
TRANSLATE FIP-Arktos [ChineseSimplified] DefInjected\FactionDef\AutoGenerated.xml
TRANSLATE FIP-Arktos [ChineseSimplified] DefInjected\LandmarkDef\AutoGenerated.xml
TRANSLATE FIP-Arktos [ChineseSimplified] DefInjected\PawnKindDef\AutoGenerated.xml
TRANSLATE FIP-Arktos [ChineseSimplified] DefInjected\ThingDef\AutoGenerated.xml
TRANSLATE FIP-Arktos [ChineseSimplified] DefInjected\TileMutatorDef\AutoGenerated.xml
FIP-Arktos [ChineseTraditional]: englishFiles=6
TRANSLATE FIP-Arktos [ChineseTraditional] DefInjected\BiomeDef\AutoGenerated.xml
TRANSLATE FIP-Arktos [ChineseTraditional] DefInjected\FactionDef\AutoGenerated.xml
TRANSLATE FIP-Arktos [ChineseTraditional] DefInjected\LandmarkDef\AutoGenerated.xml
TRANSLATE FIP-Arktos [ChineseTraditional] DefInjected\PawnKindDef\AutoGenerated.xml
TRANSLATE FIP-Arktos [ChineseTraditional] DefInjected\ThingDef\AutoGenerated.xml
TRANSLATE FIP-Arktos [ChineseTraditional] DefInjected\TileMutatorDef\AutoGenerated.xml
FIP-Arktos [Czech]: englishFiles=6
TRANSLATE FIP-Arktos [Czech] DefInjected\BiomeDef\AutoGenerated.xml
TRANSLATE FIP-Arktos [Czech] DefInjected\FactionDef\AutoGenerated.xml
TRANSLATE FIP-Arktos [Czech] DefInjected\LandmarkDef\AutoGenerated.xml
TRANSLATE FIP-Arktos [Czech] DefInjected\PawnKindDef\AutoGenerated.xml
TRANSLATE FIP-Arktos [Czech] DefInjected\ThingDef\AutoGenerated.xml
TRANSLATE FIP-Arktos [Czech] DefInjected\TileMutatorDef\AutoGenerated.xml
FIP-Arktos [Danish]: englishFiles=6
TRANSLATE FIP-Arktos [Danish] DefInjected\BiomeDef\AutoGenerated.xml
TRANSLATE FIP-Arktos [Danish] DefInjected\FactionDef\AutoGenerated.xml
TRANSLATE FIP-Arktos [Danish] DefInjected\LandmarkDef\AutoGenerated.xml
TRANSLATE FIP-Arktos [Danish] DefInjected\PawnKindDef\AutoGenerated.xml
TRANSLATE FIP-Arktos [Danish] DefInjected\ThingDef\AutoGenerated.xml
TRANSLATE FIP-Arktos [Danish] DefInjected\TileMutatorDef\AutoGenerated.xml
FIP-Arktos [Dutch]: englishFiles=6
TRANSLATE FIP-Arktos [Dutch] DefInjected\BiomeDef\AutoGenerated.xml
TRANSLATE FIP-Arktos [Dutch] DefInjected\FactionDef\AutoGenerated.xml
TRANSLATE FIP-Arktos [Dutch] DefInjected\LandmarkDef\AutoGenerated.xml
TRANSLATE FIP-Arktos [Dutch] DefInjected\PawnKindDef\AutoGenerated.xml
TRANSLATE FIP-Arktos [Dutch] DefInjected\ThingDef\AutoGenerated.xml
TRANSLATE FIP-Arktos [Dutch] DefInjected\TileMutatorDef\AutoGenerated.xml
FIP-Arktos [Estonian]: englishFiles=6
TRANSLATE FIP-Arktos [Estonian] DefInjected\BiomeDef\AutoGenerated.xml
TRANSLATE FIP-Arktos [Estonian] DefInjected\FactionDef\AutoGenerated.xml
TRANSLATE FIP-Arktos [Estonian] DefInjected\LandmarkDef\AutoGenerated.xml
TRANSLATE FIP-Arktos [Estonian] DefInjected\PawnKindDef\AutoGenerated.xml
TRANSLATE FIP-Arktos [Estonian] DefInjected\ThingDef\AutoGenerated.xml
TRANSLATE FIP-Arktos [Estonian] DefInjected\TileMutatorDef\AutoGenerated.xml
FIP-Arktos [Finnish]: englishFiles=6
TRANSLATE FIP-Arktos [Finnish] DefInjected\BiomeDef\AutoGenerated.xml
TRANSLATE FIP-Arktos [Finnish] DefInjected\FactionDef\AutoGenerated.xml
TRANSLATE FIP-Arktos [Finnish] DefInjected\LandmarkDef\AutoGenerated.xml
TRANSLATE FIP-Arktos [Finnish] DefInjected\PawnKindDef\AutoGenerated.xml
TRANSLATE FIP-Arktos [Finnish] DefInjected\ThingDef\AutoGenerated.xml
TRANSLATE FIP-Arktos [Finnish] DefInjected\TileMutatorDef\AutoGenerated.xml
FIP-Arktos [French]: englishFiles=6
TRANSLATE FIP-Arktos [French] DefInjected\BiomeDef\AutoGenerated.xml
TRANSLATE FIP-Arktos [French] DefInjected\FactionDef\AutoGenerated.xml
TRANSLATE FIP-Arktos [French] DefInjected\LandmarkDef\AutoGenerated.xml
TRANSLATE FIP-Arktos [French] DefInjected\PawnKindDef\AutoGenerated.xml
TRANSLATE FIP-Arktos [French] DefInjected\ThingDef\AutoGenerated.xml
TRANSLATE FIP-Arktos [French] DefInjected\TileMutatorDef\AutoGenerated.xml
FIP-Arktos [German]: englishFiles=6
TRANSLATE FIP-Arktos [German] DefInjected\BiomeDef\AutoGenerated.xml
TRANSLATE FIP-Arktos [German] DefInjected\FactionDef\AutoGenerated.xml
TRANSLATE FIP-Arktos [German] DefInjected\LandmarkDef\AutoGenerated.xml
TRANSLATE FIP-Arktos [German] DefInjected\PawnKindDef\AutoGenerated.xml
TRANSLATE FIP-Arktos [German] DefInjected\ThingDef\AutoGenerated.xml
TRANSLATE FIP-Arktos [German] DefInjected\TileMutatorDef\AutoGenerated.xml
FIP-Arktos [Greek]: englishFiles=6
TRANSLATE FIP-Arktos [Greek] DefInjected\BiomeDef\AutoGenerated.xml
TRANSLATE FIP-Arktos [Greek] DefInjected\FactionDef\AutoGenerated.xml
TRANSLATE FIP-Arktos [Greek] DefInjected\LandmarkDef\AutoGenerated.xml
TRANSLATE FIP-Arktos [Greek] DefInjected\PawnKindDef\AutoGenerated.xml
TRANSLATE FIP-Arktos [Greek] DefInjected\ThingDef\AutoGenerated.xml
TRANSLATE FIP-Arktos [Greek] DefInjected\TileMutatorDef\AutoGenerated.xml
FIP-Arktos [Hungarian]: englishFiles=6
TRANSLATE FIP-Arktos [Hungarian] DefInjected\BiomeDef\AutoGenerated.xml
TRANSLATE FIP-Arktos [Hungarian] DefInjected\FactionDef\AutoGenerated.xml
TRANSLATE FIP-Arktos [Hungarian] DefInjected\LandmarkDef\AutoGenerated.xml
TRANSLATE FIP-Arktos [Hungarian] DefInjected\PawnKindDef\AutoGenerated.xml
TRANSLATE FIP-Arktos [Hungarian] DefInjected\ThingDef\AutoGenerated.xml
TRANSLATE FIP-Arktos [Hungarian] DefInjected\TileMutatorDef\AutoGenerated.xml
FIP-Arktos [Italian]: englishFiles=6
TRANSLATE FIP-Arktos [Italian] DefInjected\BiomeDef\AutoGenerated.xml
TRANSLATE FIP-Arktos [Italian] DefInjected\FactionDef\AutoGenerated.xml
TRANSLATE FIP-Arktos [Italian] DefInjected\LandmarkDef\AutoGenerated.xml
TRANSLATE FIP-Arktos [Italian] DefInjected\PawnKindDef\AutoGenerated.xml
TRANSLATE FIP-Arktos [Italian] DefInjected\ThingDef\AutoGenerated.xml
TRANSLATE FIP-Arktos [Italian] DefInjected\TileMutatorDef\AutoGenerated.xml
FIP-Arktos [Japanese]: englishFiles=6
TRANSLATE FIP-Arktos [Japanese] DefInjected\BiomeDef\AutoGenerated.xml
TRANSLATE FIP-Arktos [Japanese] DefInjected\FactionDef\AutoGenerated.xml
TRANSLATE FIP-Arktos [Japanese] DefInjected\LandmarkDef\AutoGenerated.xml
TRANSLATE FIP-Arktos [Japanese] DefInjected\PawnKindDef\AutoGenerated.xml
TRANSLATE FIP-Arktos [Japanese] DefInjected\ThingDef\AutoGenerated.xml
TRANSLATE FIP-Arktos [Japanese] DefInjected\TileMutatorDef\AutoGenerated.xml
FIP-Arktos [Korean]: englishFiles=6
TRANSLATE FIP-Arktos [Korean] DefInjected\BiomeDef\AutoGenerated.xml
TRANSLATE FIP-Arktos [Korean] DefInjected\FactionDef\AutoGenerated.xml
TRANSLATE FIP-Arktos [Korean] DefInjected\LandmarkDef\AutoGenerated.xml
TRANSLATE FIP-Arktos [Korean] DefInjected\PawnKindDef\AutoGenerated.xml
TRANSLATE FIP-Arktos [Korean] DefInjected\ThingDef\AutoGenerated.xml
TRANSLATE FIP-Arktos [Korean] DefInjected\TileMutatorDef\AutoGenerated.xml
FIP-Arktos [Norwegian]: englishFiles=6
TRANSLATE FIP-Arktos [Norwegian] DefInjected\BiomeDef\AutoGenerated.xml
TRANSLATE FIP-Arktos [Norwegian] DefInjected\FactionDef\AutoGenerated.xml
TRANSLATE FIP-Arktos [Norwegian] DefInjected\LandmarkDef\AutoGenerated.xml
TRANSLATE FIP-Arktos [Norwegian] DefInjected\PawnKindDef\AutoGenerated.xml
TRANSLATE FIP-Arktos [Norwegian] DefInjected\ThingDef\AutoGenerated.xml
TRANSLATE FIP-Arktos [Norwegian] DefInjected\TileMutatorDef\AutoGenerated.xml
FIP-Arktos [Polish]: englishFiles=6
TRANSLATE FIP-Arktos [Polish] DefInjected\BiomeDef\AutoGenerated.xml
TRANSLATE FIP-Arktos [Polish] DefInjected\FactionDef\AutoGenerated.xml
TRANSLATE FIP-Arktos [Polish] DefInjected\LandmarkDef\AutoGenerated.xml
TRANSLATE FIP-Arktos [Polish] DefInjected\PawnKindDef\AutoGenerated.xml
TRANSLATE FIP-Arktos [Polish] DefInjected\ThingDef\AutoGenerated.xml
TRANSLATE FIP-Arktos [Polish] DefInjected\TileMutatorDef\AutoGenerated.xml
FIP-Arktos [Portuguese]: englishFiles=6
TRANSLATE FIP-Arktos [Portuguese] DefInjected\BiomeDef\AutoGenerated.xml
TRANSLATE FIP-Arktos [Portuguese] DefInjected\FactionDef\AutoGenerated.xml
TRANSLATE FIP-Arktos [Portuguese] DefInjected\LandmarkDef\AutoGenerated.xml
TRANSLATE FIP-Arktos [Portuguese] DefInjected\PawnKindDef\AutoGenerated.xml
TRANSLATE FIP-Arktos [Portuguese] DefInjected\ThingDef\AutoGenerated.xml
TRANSLATE FIP-Arktos [Portuguese] DefInjected\TileMutatorDef\AutoGenerated.xml
FIP-Arktos [PortugueseBrazilian]: englishFiles=6
TRANSLATE FIP-Arktos [PortugueseBrazilian] DefInjected\BiomeDef\AutoGenerated.xml
TRANSLATE FIP-Arktos [PortugueseBrazilian] DefInjected\FactionDef\AutoGenerated.xml
TRANSLATE FIP-Arktos [PortugueseBrazilian] DefInjected\LandmarkDef\AutoGenerated.xml
TRANSLATE FIP-Arktos [PortugueseBrazilian] DefInjected\PawnKindDef\AutoGenerated.xml
TRANSLATE FIP-Arktos [PortugueseBrazilian] DefInjected\ThingDef\AutoGenerated.xml
TRANSLATE FIP-Arktos [PortugueseBrazilian] DefInjected\TileMutatorDef\AutoGenerated.xml
FIP-Arktos [Romanian]: englishFiles=6
TRANSLATE FIP-Arktos [Romanian] DefInjected\BiomeDef\AutoGenerated.xml
TRANSLATE FIP-Arktos [Romanian] DefInjected\FactionDef\AutoGenerated.xml
TRANSLATE FIP-Arktos [Romanian] DefInjected\LandmarkDef\AutoGenerated.xml
TRANSLATE FIP-Arktos [Romanian] DefInjected\PawnKindDef\AutoGenerated.xml
TRANSLATE FIP-Arktos [Romanian] DefInjected\ThingDef\AutoGenerated.xml
TRANSLATE FIP-Arktos [Romanian] DefInjected\TileMutatorDef\AutoGenerated.xml
FIP-Arktos [Russian]: englishFiles=6
TRANSLATE FIP-Arktos [Russian] DefInjected\BiomeDef\AutoGenerated.xml
TRANSLATE FIP-Arktos [Russian] DefInjected\FactionDef\AutoGenerated.xml
TRANSLATE FIP-Arktos [Russian] DefInjected\LandmarkDef\AutoGenerated.xml
TRANSLATE FIP-Arktos [Russian] DefInjected\PawnKindDef\AutoGenerated.xml
TRANSLATE FIP-Arktos [Russian] DefInjected\ThingDef\AutoGenerated.xml
TRANSLATE FIP-Arktos [Russian] DefInjected\TileMutatorDef\AutoGenerated.xml
FIP-Arktos [Slovak]: englishFiles=6
TRANSLATE FIP-Arktos [Slovak] DefInjected\BiomeDef\AutoGenerated.xml
TRANSLATE FIP-Arktos [Slovak] DefInjected\FactionDef\AutoGenerated.xml
TRANSLATE FIP-Arktos [Slovak] DefInjected\LandmarkDef\AutoGenerated.xml
TRANSLATE FIP-Arktos [Slovak] DefInjected\PawnKindDef\AutoGenerated.xml
TRANSLATE FIP-Arktos [Slovak] DefInjected\ThingDef\AutoGenerated.xml
TRANSLATE FIP-Arktos [Slovak] DefInjected\TileMutatorDef\AutoGenerated.xml
FIP-Arktos [Spanish]: englishFiles=6
TRANSLATE FIP-Arktos [Spanish] DefInjected\BiomeDef\AutoGenerated.xml
TRANSLATE FIP-Arktos [Spanish] DefInjected\FactionDef\AutoGenerated.xml
TRANSLATE FIP-Arktos [Spanish] DefInjected\LandmarkDef\AutoGenerated.xml
TRANSLATE FIP-Arktos [Spanish] DefInjected\PawnKindDef\AutoGenerated.xml
TRANSLATE FIP-Arktos [Spanish] DefInjected\ThingDef\AutoGenerated.xml
TRANSLATE FIP-Arktos [Spanish] DefInjected\TileMutatorDef\AutoGenerated.xml
FIP-Arktos [SpanishLatin]: englishFiles=6
TRANSLATE FIP-Arktos [SpanishLatin] DefInjected\BiomeDef\AutoGenerated.xml
TRANSLATE FIP-Arktos [SpanishLatin] DefInjected\FactionDef\AutoGenerated.xml
TRANSLATE FIP-Arktos [SpanishLatin] DefInjected\LandmarkDef\AutoGenerated.xml
TRANSLATE FIP-Arktos [SpanishLatin] DefInjected\PawnKindDef\AutoGenerated.xml
TRANSLATE FIP-Arktos [SpanishLatin] DefInjected\ThingDef\AutoGenerated.xml
TRANSLATE FIP-Arktos [SpanishLatin] DefInjected\TileMutatorDef\AutoGenerated.xml
FIP-Arktos [Swedish]: englishFiles=6
TRANSLATE FIP-Arktos [Swedish] DefInjected\BiomeDef\AutoGenerated.xml
TRANSLATE FIP-Arktos [Swedish] DefInjected\FactionDef\AutoGenerated.xml
TRANSLATE FIP-Arktos [Swedish] DefInjected\LandmarkDef\AutoGenerated.xml
TRANSLATE FIP-Arktos [Swedish] DefInjected\PawnKindDef\AutoGenerated.xml
TRANSLATE FIP-Arktos [Swedish] DefInjected\ThingDef\AutoGenerated.xml
TRANSLATE FIP-Arktos [Swedish] DefInjected\TileMutatorDef\AutoGenerated.xml
FIP-Arktos [Turkish]: englishFiles=6
TRANSLATE FIP-Arktos [Turkish] DefInjected\BiomeDef\AutoGenerated.xml
TRANSLATE FIP-Arktos [Turkish] DefInjected\FactionDef\AutoGenerated.xml
TRANSLATE FIP-Arktos [Turkish] DefInjected\LandmarkDef\AutoGenerated.xml
TRANSLATE FIP-Arktos [Turkish] DefInjected\PawnKindDef\AutoGenerated.xml
TRANSLATE FIP-Arktos [Turkish] DefInjected\ThingDef\AutoGenerated.xml
TRANSLATE FIP-Arktos [Turkish] DefInjected\TileMutatorDef\AutoGenerated.xml
FIP-Arktos [Ukrainian]: englishFiles=6
TRANSLATE FIP-Arktos [Ukrainian] DefInjected\BiomeDef\AutoGenerated.xml
TRANSLATE FIP-Arktos [Ukrainian] DefInjected\FactionDef\AutoGenerated.xml
TRANSLATE FIP-Arktos [Ukrainian] DefInjected\LandmarkDef\AutoGenerated.xml
TRANSLATE FIP-Arktos [Ukrainian] DefInjected\PawnKindDef\AutoGenerated.xml
TRANSLATE FIP-Arktos [Ukrainian] DefInjected\ThingDef\AutoGenerated.xml
TRANSLATE FIP-Arktos [Ukrainian] DefInjected\TileMutatorDef\AutoGenerated.xml
FIP-Arktos [Vietnamese]: englishFiles=6
TRANSLATE FIP-Arktos [Vietnamese] DefInjected\BiomeDef\AutoGenerated.xml
TRANSLATE FIP-Arktos [Vietnamese] DefInjected\FactionDef\AutoGenerated.xml
TRANSLATE FIP-Arktos [Vietnamese] DefInjected\LandmarkDef\AutoGenerated.xml
TRANSLATE FIP-Arktos [Vietnamese] DefInjected\PawnKindDef\AutoGenerated.xml
TRANSLATE FIP-Arktos [Vietnamese] DefInjected\ThingDef\AutoGenerated.xml
TRANSLATE FIP-Arktos [Vietnamese] DefInjected\TileMutatorDef\AutoGenerated.xml
FIP-Arktos: translated 168 files
Runner complete
